mode: set
banking/gin-service/outbox/watcher.go:16.93,27.6 4 0
banking/gin-service/outbox/watcher.go:27.6,28.56 1 0
banking/gin-service/outbox/watcher.go:28.56,31.4 2 0
banking/gin-service/outbox/watcher.go:40.9,43.16 3 0
banking/gin-service/outbox/watcher.go:43.16,45.3 1 0
banking/gin-service/outbox/watcher.go:46.2,50.23 3 0
banking/gin-service/outbox/watcher.go:50.23,54.47 2 0
banking/gin-service/outbox/watcher.go:54.47,56.12 2 0
banking/gin-service/outbox/watcher.go:59.3,60.29 2 0
banking/gin-service/outbox/watcher.go:60.29,62.12 2 0
banking/gin-service/outbox/watcher.go:65.3,65.31 1 0
banking/gin-service/outbox/watcher.go:68.2,68.21 1 0
banking/gin-service/outbox/watcher.go:71.73,81.16 3 1
banking/gin-service/outbox/watcher.go:81.16,84.3 2 1
banking/gin-service/outbox/watcher.go:86.2,86.97 1 1
banking/gin-service/temporal/worker.go:17.104,19.2 1 0
banking/gin-service/temporal/worker.go:21.44,30.34 5 1
banking/gin-service/temporal/worker.go:30.34,32.3 1 0
banking/gin-service/temporal/worker.go:33.2,33.73 1 1
banking/gin-service/temporal/worker.go:41.3,58.16 2 1
banking/gin-service/temporal/worker.go:58.16,62.3 2 1
banking/gin-service/temporal/worker.go:63.2,63.98 1 1
banking/gin-service/temporal/workflows/settlement_workflow.go:33.84,37.28 3 1
banking/gin-service/temporal/workflows/settlement_workflow.go:38.14,39.27 1 1
banking/gin-service/temporal/workflows/settlement_workflow.go:40.14,41.27 1 1
banking/gin-service/temporal/workflows/settlement_workflow.go:42.14,43.12 1 1
banking/gin-service/temporal/workflows/settlement_workflow.go:44.10,45.73 1 1
banking/gin-service/temporal/workflows/settlement_workflow.go:48.2,50.85 2 1
banking/gin-service/temporal/workflows/settlement_workflow.go:50.85,53.20 3 0
banking/gin-service/temporal/workflows/settlement_workflow.go:53.20,55.4 1 0
banking/gin-service/temporal/workflows/settlement_workflow.go:56.3,58.21 3 0
banking/gin-service/temporal/workflows/settlement_workflow.go:59.17,61.3 1 0
banking/gin-service/temporal/workflows/settlement_workflow.go:63.2,67.36 2 1
banking/gin-service/temporal/workflows/settlement_workflow.go:67.36,71.4 3 0
banking/gin-service/temporal/workflows/settlement_workflow.go:73.48,74.33 1 1
banking/gin-service/temporal/workflows/settlement_workflow.go:74.33,79.6 1 0
banking/gin-service/temporal/workflows/settlement_workflow.go:80.5,80.15 1 1
banking/gin-service/temporal/workflows/settlement_workflow.go:83.16,85.3 1 0
banking/gin-service/temporal/workflows/settlement_workflow.go:87.2,102.58 7 1
banking/gin-service/temporal/workflows/settlement_workflow.go:102.59,103.3 0 1
banking/gin-service/temporal/workflows/settlement_workflow.go:104.2,104.80 1 1
banking/gin-service/temporal/workflows/settlement_workflow.go:104.80,106.3 1 1
banking/gin-service/temporal/workflows/settlement_workflow.go:107.2,107.75 1 1
banking/gin-service/temporal/workflows/settlement_workflow.go:107.76,108.3 0 0
banking/gin-service/temporal/workflows/settlement_workflow.go:109.2,111.27 2 1
banking/gin-service/temporal/workflows/settlement_workflow.go:111.27,116.3 4 0
banking/gin-service/temporal/workflows/settlement_workflow.go:117.2,120.57 3 1
banking/gin-service/temporal/workflows/settlement_workflow.go:120.57,138.3 2 0
banking/gin-service/temporal/workflows/settlement_workflow.go:140.2,147.21 2 1
banking/gin-service/temporal/workflows/settlement_workflow.go:147.21,153.3 5 1
banking/gin-service/temporal/workflows/settlement_workflow.go:155.2,165.22 4 0
banking/gin-service/temporal/workflows/settlement_workflow.go:165.22,174.3 6 0
banking/gin-service/temporal/workflows/settlement_workflow.go:176.2,179.12 4 0
banking/gin-service/client/core_banking_client.go:19.48,21.19 2 1
banking/gin-service/client/core_banking_client.go:21.19,23.3 1 1
banking/gin-service/client/core_banking_client.go:24.2,27.3 1 1
banking/gin-service/client/core_banking_client.go:44.98,46.16 2 1
banking/gin-service/client/core_banking_client.go:46.16,48.3 1 1
banking/gin-service/client/core_banking_client.go:49.2,51.44 2 1
banking/gin-service/client/core_banking_client.go:51.44,53.3 1 1
banking/gin-service/client/core_banking_client.go:54.2,54.38 1 1
banking/gin-service/client/core_banking_client.go:54.38,56.3 1 1
banking/gin-service/client/core_banking_client.go:58.2,59.67 2 1
banking/gin-service/client/core_banking_client.go:59.67,61.3 1 1
banking/gin-service/client/core_banking_client.go:63.2,63.20 1 1
banking/gin-service/client/core_banking_client.go:72.124,74.16 2 0
banking/gin-service/client/core_banking_client.go:74.16,76.3 1 0
banking/gin-service/client/core_banking_client.go:78.2,83.16 2 0
banking/gin-service/client/core_banking_client.go:83.16,85.3 1 0
banking/gin-service/client/core_banking_client.go:86.2,88.38 2 0
banking/gin-service/client/core_banking_client.go:88.38,90.3 1 0
banking/gin-service/client/core_banking_client.go:92.2,93.16 2 0
banking/gin-service/client/core_banking_client.go:93.16,95.3 1 0
banking/gin-service/client/core_banking_client.go:97.2,98.58 2 0
banking/gin-service/client/core_banking_client.go:98.58,100.3 1 0
banking/gin-service/client/core_banking_client.go:102.2,103.21 2 0
banking/gin-service/client/core_banking_client.go:111.120,113.16 2 0
banking/gin-service/client/core_banking_client.go:113.16,115.3 1 0
banking/gin-service/client/core_banking_client.go:117.2,122.16 2 0
banking/gin-service/client/core_banking_client.go:122.16,124.3 1 0
banking/gin-service/client/core_banking_client.go:125.2,127.38 2 0
banking/gin-service/client/core_banking_client.go:127.38,129.3 1 0
banking/gin-service/client/core_banking_client.go:131.2,132.16 2 0
banking/gin-service/client/core_banking_client.go:132.16,134.3 1 0
banking/gin-service/client/core_banking_client.go:136.2,137.58 2 0
banking/gin-service/client/core_banking_client.go:137.58,139.3 1 0
banking/gin-service/client/core_banking_client.go:141.2,142.21 2 0
banking/gin-service/main.go:17.13,18.40 1 0
banking/gin-service/main.go:18.40,20.3 1 0
banking/gin-service/main.go:22.2,25.24 3 0
banking/gin-service/main.go:25.24,27.3 1 0
banking/gin-service/main.go:29.2,32.16 2 0
banking/gin-service/main.go:32.16,35.3 1 0
banking/gin-service/main.go:35.8,42.24 5 0
banking/gin-service/main.go:42.24,44.4 1 0
banking/gin-service/main.go:45.3,47.58 2 0
banking/gin-service/main.go:50.2,52.40 2 0
banking/gin-service/main.go:52.40,54.3 1 0
banking/gin-service/main.go:56.2,64.16 7 0
banking/gin-service/temporal/saga/saga.go:9.65,11.2 1 0
banking/gin-service/temporal/saga/saga.go:13.49,14.49 1 0
banking/gin-service/temporal/saga/saga.go:14.49,15.49 1 0
banking/gin-service/temporal/saga/saga.go:15.49,17.4 1 0
banking/gin-service/db/database.go:43.48,53.2 1 0
banking/gin-service/db/database.go:55.49,65.2 1 0
banking/gin-service/db/database.go:71.83,72.22 1 0
banking/gin-service/db/database.go:72.22,74.3 1 0
banking/gin-service/db/database.go:75.2,75.26 1 0
banking/gin-service/db/database.go:75.26,77.3 1 0
banking/gin-service/db/database.go:78.2,79.12 2 0
banking/gin-service/db/database.go:82.117,83.22 1 0
banking/gin-service/db/database.go:83.22,85.3 1 0
banking/gin-service/db/database.go:86.2,86.26 1 0
banking/gin-service/db/database.go:86.26,88.3 1 0
banking/gin-service/db/database.go:89.2,90.12 2 0
banking/gin-service/db/database.go:93.99,96.42 3 0
banking/gin-service/db/database.go:96.42,98.3 1 0
banking/gin-service/db/database.go:99.2,99.16 1 0
banking/gin-service/db/database.go:99.16,101.3 1 0
banking/gin-service/db/database.go:102.2,103.16 2 0
banking/gin-service/db/database.go:106.98,112.2 2 0
banking/gin-service/db/database.go:115.116,117.18 2 0
banking/gin-service/db/database.go:117.18,119.3 1 0
banking/gin-service/db/database.go:120.2,124.12 2 0
banking/gin-service/db/database.go:127.85,130.16 3 0
banking/gin-service/db/database.go:130.16,132.3 1 0
banking/gin-service/db/database.go:133.2,135.47 3 0
banking/gin-service/db/database.go:135.47,137.3 1 0
banking/gin-service/db/database.go:138.2,139.25 2 0
banking/gin-service/db/database.go:139.25,141.3 1 0
banking/gin-service/db/database.go:142.2,142.23 1 0
banking/gin-service/db/database.go:145.16,153.16 6 0
banking/gin-service/db/database.go:153.16,155.3 1 0
banking/gin-service/db/database.go:156.2,156.46 1 0
banking/gin-service/db/database.go:156.46,158.3 1 0
banking/gin-service/db/database.go:160.2,164.63 4 0
banking/gin-service/db/database.go:167.42,168.42 1 0
banking/gin-service/db/database.go:168.42,170.3 1 0
banking/gin-service/db/database.go:171.2,171.17 1 0
banking/gin-service/db/outbox.go:29.122,30.20 1 0
banking/gin-service/db/outbox.go:30.20,32.3 1 0
banking/gin-service/db/outbox.go:33.2,33.30 1 0
banking/gin-service/db/outbox.go:33.30,35.3 1 0
banking/gin-service/db/outbox.go:36.2,37.12 2 0
banking/gin-service/db/outbox.go:40.79,46.2 2 0
banking/gin-service/db/outbox.go:48.76,57.2 2 0
banking/gin-service/db/outbox.go:59.92,62.2 2 0
banking/gin-service/db/outbox.go:64.94,66.16 2 0
banking/gin-service/db/outbox.go:66.16,68.3 1 0
banking/gin-service/db/outbox.go:69.2,71.50 3 0
banking/gin-service/db/outbox.go:71.50,73.3 1 0
banking/gin-service/db/outbox.go:74.2,74.21 1 0
banking/gin-service/temporal/activities/debit_credit_activity.go:24.110,31.16 2 0
banking/gin-service/temporal/activities/debit_credit_activity.go:31.16,34.3 1 0
banking/gin-service/temporal/activities/debit_credit_activity.go:36.2,38.21 2 0
banking/gin-service/temporal/activities/debit_credit_activity.go:41.113,47.16 2 0
banking/gin-service/temporal/activities/debit_credit_activity.go:47.16,50.3 1 0
banking/gin-service/temporal/activities/debit_credit_activity.go:52.2,54.21 2 0
banking/gin-service/temporal/activities/settlement_activity.go:19.113,21.16 2 0
banking/gin-service/temporal/activities/settlement_activity.go:21.16,23.3 1 0
banking/gin-service/temporal/activities/settlement_activity.go:24.2,24.84 1 0
banking/gin-service/temporal/activities/settlement_activity.go:24.84,26.3 1 0
banking/gin-service/temporal/activities/settlement_activity.go:27.2,28.12 2 0
banking/gin-service/temporal/activities/settlement_activity.go:31.90,32.74 1 0
banking/gin-service/temporal/activities/settlement_activity.go:32.74,34.3 1 0
banking/gin-service/temporal/activities/settlement_activity.go:35.2,36.12 2 0
