mode: set
banking/gin-service/client/core_banking_client.go:19.48,21.19 2 1
banking/gin-service/client/core_banking_client.go:21.19,23.3 1 1
banking/gin-service/client/core_banking_client.go:24.2,27.3 1 1
banking/gin-service/client/core_banking_client.go:47.158,57.16 3 1
banking/gin-service/client/core_banking_client.go:57.16,59.3 1 0
banking/gin-service/client/core_banking_client.go:61.2,62.16 2 1
banking/gin-service/client/core_banking_client.go:62.16,64.3 1 1
banking/gin-service/client/core_banking_client.go:65.2,67.38 2 1
banking/gin-service/client/core_banking_client.go:67.38,69.3 1 1
banking/gin-service/client/core_banking_client.go:71.2,72.16 2 1
banking/gin-service/client/core_banking_client.go:72.16,74.3 1 0
banking/gin-service/client/core_banking_client.go:76.2,77.58 2 1
banking/gin-service/client/core_banking_client.go:77.58,79.3 1 1
banking/gin-service/client/core_banking_client.go:81.2,82.21 2 1
banking/gin-service/client/core_banking_client.go:85.98,87.16 2 1
banking/gin-service/client/core_banking_client.go:87.16,89.3 1 1
banking/gin-service/client/core_banking_client.go:90.2,92.44 2 1
banking/gin-service/client/core_banking_client.go:92.44,94.3 1 1
banking/gin-service/client/core_banking_client.go:95.2,95.38 1 1
banking/gin-service/client/core_banking_client.go:95.38,97.3 1 1
banking/gin-service/client/core_banking_client.go:99.2,100.67 2 1
banking/gin-service/client/core_banking_client.go:100.67,102.3 1 1
banking/gin-service/client/core_banking_client.go:104.2,104.20 1 1
banking/gin-service/temporal/activities/settlement_activity.go:26.95,35.33 3 1
banking/gin-service/temporal/activities/settlement_activity.go:35.33,37.3 1 1
banking/gin-service/temporal/activities/settlement_activity.go:39.2,40.21 2 1
banking/gin-service/temporal/activities/settlement_activity.go:40.21,42.3 1 1
banking/gin-service/temporal/activities/settlement_activity.go:44.2,44.74 1 1
banking/gin-service/temporal/activities/settlement_activity.go:44.74,46.3 1 0
banking/gin-service/temporal/activities/settlement_activity.go:48.2,48.16 1 1
banking/gin-service/temporal/activities/settlement_activity.go:48.16,50.3 1 1
banking/gin-service/temporal/activities/settlement_activity.go:52.2,54.12 2 1
banking/gin-service/temporal/workflows/settlement_workflow.go:22.84,25.28 2 1
banking/gin-service/temporal/workflows/settlement_workflow.go:26.14,27.27 1 1
banking/gin-service/temporal/workflows/settlement_workflow.go:28.14,29.27 1 1
banking/gin-service/temporal/workflows/settlement_workflow.go:30.10,31.100 1 1
banking/gin-service/temporal/workflows/settlement_workflow.go:34.2,34.51 1 1
banking/gin-service/temporal/workflows/settlement_workflow.go:34.51,36.3 1 0
banking/gin-service/temporal/workflows/settlement_workflow.go:38.2,57.18 4 1
banking/gin-service/handlers/transfer.go:31.38,33.2 1 1
banking/gin-service/handlers/transfer.go:35.84,37.47 2 1
banking/gin-service/handlers/transfer.go:37.47,40.3 2 1
banking/gin-service/handlers/transfer.go:42.2,43.16 2 1
banking/gin-service/handlers/transfer.go:43.16,46.3 2 1
banking/gin-service/handlers/transfer.go:47.2,48.16 2 1
banking/gin-service/handlers/transfer.go:48.16,51.3 2 1
banking/gin-service/handlers/transfer.go:53.2,62.55 3 1
banking/gin-service/handlers/transfer.go:62.55,65.3 2 0
banking/gin-service/handlers/transfer.go:67.2,67.32 1 1
banking/gin-service/handlers/transfer.go:67.32,75.17 2 1
banking/gin-service/handlers/transfer.go:75.17,79.4 3 1
banking/gin-service/handlers/transfer.go:79.9,82.4 2 1
banking/gin-service/handlers/transfer.go:83.3,86.5 1 1
banking/gin-service/handlers/transfer.go:87.8,88.28 1 1
banking/gin-service/handlers/transfer.go:88.28,98.4 1 1
banking/gin-service/handlers/transfer.go:98.9,102.4 2 1
banking/gin-service/handlers/transfer.go:103.3,106.5 1 1
banking/gin-service/handlers/transfer.go:110.40,112.16 2 1
banking/gin-service/handlers/transfer.go:112.16,115.3 2 1
banking/gin-service/handlers/transfer.go:117.2,118.36 2 1
banking/gin-service/handlers/transfer.go:118.36,121.3 2 1
banking/gin-service/handlers/transfer.go:122.2,122.16 1 1
banking/gin-service/handlers/transfer.go:122.16,125.3 2 0
banking/gin-service/handlers/transfer.go:127.2,127.33 1 1
banking/gin-service/handlers/transfer.go:130.38,132.16 2 1
banking/gin-service/handlers/transfer.go:132.16,135.3 2 1
banking/gin-service/handlers/transfer.go:136.2,136.34 1 1
banking/gin-service/handlers/transfer.go:139.43,140.14 1 1
banking/gin-service/handlers/transfer.go:141.14,142.19 1 1
banking/gin-service/handlers/transfer.go:143.14,144.19 1 1
banking/gin-service/handlers/transfer.go:145.14,146.22 1 1
banking/gin-service/handlers/transfer.go:147.10,148.19 1 1
banking/gin-service/handlers/transfer.go:152.100,153.31 1 1
banking/gin-service/handlers/transfer.go:154.14,155.31 1 1
banking/gin-service/handlers/transfer.go:156.14,157.31 1 1
banking/gin-service/handlers/transfer.go:160.2,167.16 2 1
banking/gin-service/handlers/transfer.go:167.16,172.3 4 1
banking/gin-service/handlers/transfer.go:173.2,173.19 1 1
banking/gin-service/handlers/transfer.go:173.19,177.3 3 1
banking/gin-service/handlers/transfer.go:178.2,179.105 2 1
banking/gin-service/temporal/worker.go:17.104,19.2 1 0
banking/gin-service/temporal/worker.go:21.44,29.34 5 1
banking/gin-service/temporal/worker.go:29.34,31.3 1 0
banking/gin-service/temporal/worker.go:32.2,32.73 1 1
banking/gin-service/temporal/worker.go:40.3,58.16 2 1
banking/gin-service/temporal/worker.go:58.16,62.3 2 1
banking/gin-service/temporal/worker.go:63.2,63.98 1 1
banking/gin-service/main.go:16.13,17.40 1 0
banking/gin-service/main.go:17.40,19.3 1 0
banking/gin-service/main.go:21.2,24.24 3 0
banking/gin-service/main.go:24.24,26.3 1 0
banking/gin-service/main.go:28.2,31.16 2 0
banking/gin-service/main.go:31.16,34.3 1 0
banking/gin-service/main.go:34.8,41.3 4 0
banking/gin-service/main.go:43.2,45.40 2 0
banking/gin-service/main.go:45.40,47.3 1 0
banking/gin-service/main.go:49.2,54.16 5 0
banking/gin-service/db/database.go:39.48,49.2 1 0
banking/gin-service/db/database.go:51.49,61.2 1 0
banking/gin-service/db/database.go:67.83,68.22 1 0
banking/gin-service/db/database.go:68.22,70.3 1 0
banking/gin-service/db/database.go:71.2,71.26 1 0
banking/gin-service/db/database.go:71.26,73.3 1 0
banking/gin-service/db/database.go:74.2,75.12 2 0
banking/gin-service/db/database.go:78.99,81.42 3 0
banking/gin-service/db/database.go:81.42,83.3 1 0
banking/gin-service/db/database.go:84.2,84.16 1 0
banking/gin-service/db/database.go:84.16,86.3 1 0
banking/gin-service/db/database.go:87.2,88.16 2 0
banking/gin-service/db/database.go:91.98,97.2 2 0
banking/gin-service/db/database.go:99.85,102.16 3 0
banking/gin-service/db/database.go:102.16,104.3 1 0
banking/gin-service/db/database.go:105.2,107.47 3 0
banking/gin-service/db/database.go:107.47,109.3 1 0
banking/gin-service/db/database.go:110.2,111.25 2 0
banking/gin-service/db/database.go:111.25,113.3 1 0
banking/gin-service/db/database.go:114.2,114.23 1 0
banking/gin-service/db/database.go:117.16,125.16 6 0
banking/gin-service/db/database.go:125.16,127.3 1 0
banking/gin-service/db/database.go:128.2,128.46 1 0
banking/gin-service/db/database.go:128.46,130.3 1 0
banking/gin-service/db/database.go:132.2,134.63 3 0
banking/gin-service/db/database.go:137.42,138.42 1 0
banking/gin-service/db/database.go:138.42,140.3 1 0
banking/gin-service/db/database.go:141.2,141.17 1 0
