mode: set
banking/gin-service/client/core_banking_client.go:19.48,21.19 2 1
banking/gin-service/client/core_banking_client.go:21.19,23.3 1 1
banking/gin-service/client/core_banking_client.go:24.2,27.3 1 1
banking/gin-service/client/core_banking_client.go:47.158,57.16 3 1
banking/gin-service/client/core_banking_client.go:57.16,59.3 1 0
banking/gin-service/client/core_banking_client.go:61.2,62.16 2 1
banking/gin-service/client/core_banking_client.go:62.16,64.3 1 1
banking/gin-service/client/core_banking_client.go:65.2,67.38 2 1
banking/gin-service/client/core_banking_client.go:67.38,69.3 1 1
banking/gin-service/client/core_banking_client.go:71.2,72.16 2 1
banking/gin-service/client/core_banking_client.go:72.16,74.3 1 0
banking/gin-service/client/core_banking_client.go:76.2,77.58 2 1
banking/gin-service/client/core_banking_client.go:77.58,79.3 1 1
banking/gin-service/client/core_banking_client.go:81.2,82.21 2 1
banking/gin-service/client/core_banking_client.go:85.98,87.16 2 1
banking/gin-service/client/core_banking_client.go:87.16,89.3 1 1
banking/gin-service/client/core_banking_client.go:90.2,92.44 2 1
banking/gin-service/client/core_banking_client.go:92.44,94.3 1 1
banking/gin-service/client/core_banking_client.go:95.2,95.38 1 1
banking/gin-service/client/core_banking_client.go:95.38,97.3 1 1
banking/gin-service/client/core_banking_client.go:99.2,100.67 2 1
banking/gin-service/client/core_banking_client.go:100.67,102.3 1 1
banking/gin-service/client/core_banking_client.go:104.2,104.20 1 1
banking/gin-service/temporal/activities/settlement_activity.go:36.95,47.33 3 1
banking/gin-service/temporal/activities/settlement_activity.go:47.33,49.3 1 1
banking/gin-service/temporal/activities/settlement_activity.go:52.2,53.21 2 1
banking/gin-service/temporal/activities/settlement_activity.go:53.21,55.3 1 1
banking/gin-service/temporal/activities/settlement_activity.go:57.2,59.48 1 1
banking/gin-service/temporal/activities/settlement_activity.go:59.48,61.3 1 0
banking/gin-service/temporal/activities/settlement_activity.go:63.2,63.16 1 1
banking/gin-service/temporal/activities/settlement_activity.go:63.16,66.3 1 1
banking/gin-service/temporal/activities/settlement_activity.go:68.2,70.12 2 1
banking/gin-service/temporal/worker.go:21.44,31.34 5 0
banking/gin-service/temporal/worker.go:31.34,33.3 1 0
banking/gin-service/temporal/worker.go:34.2,34.73 1 0
banking/gin-service/temporal/worker.go:45.3,62.16 2 1
banking/gin-service/temporal/worker.go:62.16,66.3 2 1
banking/gin-service/temporal/worker.go:67.2,67.98 1 1
banking/gin-service/temporal/workflows/settlement_workflow.go:29.84,32.28 2 1
banking/gin-service/temporal/workflows/settlement_workflow.go:33.14,34.27 1 1
banking/gin-service/temporal/workflows/settlement_workflow.go:35.14,36.27 1 1
banking/gin-service/temporal/workflows/settlement_workflow.go:37.10,38.97 1 1
banking/gin-service/temporal/workflows/settlement_workflow.go:42.2,42.51 1 1
banking/gin-service/temporal/workflows/settlement_workflow.go:42.51,44.3 1 0
banking/gin-service/temporal/workflows/settlement_workflow.go:47.2,66.18 4 1
banking/gin-service/db/database.go:14.16,26.16 3 0
banking/gin-service/db/database.go:26.16,28.3 1 0
banking/gin-service/db/database.go:29.2,42.49 3 0
banking/gin-service/db/database.go:42.49,44.3 1 0
banking/gin-service/db/database.go:47.42,48.42 1 0
banking/gin-service/db/database.go:48.42,50.3 1 0
banking/gin-service/db/database.go:51.2,51.17 1 0
banking/gin-service/main.go:16.13,17.40 1 0
banking/gin-service/main.go:17.40,19.3 1 0
banking/gin-service/main.go:21.2,27.24 3 0
banking/gin-service/main.go:27.24,29.3 1 0
banking/gin-service/main.go:31.2,34.16 2 0
banking/gin-service/main.go:34.16,38.3 1 0
banking/gin-service/main.go:38.8,45.3 4 0
banking/gin-service/main.go:47.2,49.40 2 0
banking/gin-service/main.go:49.40,51.3 1 0
banking/gin-service/main.go:53.2,58.16 5 0
banking/gin-service/models/transfer.go:20.52,23.2 2 0
banking/gin-service/handlers/transfer.go:32.38,34.2 1 1
banking/gin-service/handlers/transfer.go:36.84,38.47 2 1
banking/gin-service/handlers/transfer.go:38.47,41.3 2 1
banking/gin-service/handlers/transfer.go:43.2,44.16 2 1
banking/gin-service/handlers/transfer.go:44.16,47.3 2 1
banking/gin-service/handlers/transfer.go:48.2,49.16 2 1
banking/gin-service/handlers/transfer.go:49.16,52.3 2 1
banking/gin-service/handlers/transfer.go:54.2,63.60 2 1
banking/gin-service/handlers/transfer.go:63.60,66.3 2 0
banking/gin-service/handlers/transfer.go:68.2,68.32 1 1
banking/gin-service/handlers/transfer.go:68.32,76.17 2 1
banking/gin-service/handlers/transfer.go:76.17,80.4 3 1
banking/gin-service/handlers/transfer.go:80.9,83.4 2 1
banking/gin-service/handlers/transfer.go:84.3,87.5 1 1
banking/gin-service/handlers/transfer.go:88.8,90.28 1 1
banking/gin-service/handlers/transfer.go:90.28,100.4 1 1
banking/gin-service/handlers/transfer.go:100.9,106.4 2 1
banking/gin-service/handlers/transfer.go:107.3,110.5 1 1
banking/gin-service/handlers/transfer.go:114.40,116.16 2 1
banking/gin-service/handlers/transfer.go:116.16,119.3 2 1
banking/gin-service/handlers/transfer.go:121.2,122.73 2 1
banking/gin-service/handlers/transfer.go:122.73,125.3 2 1
banking/gin-service/handlers/transfer.go:127.2,127.33 1 1
banking/gin-service/handlers/transfer.go:130.38,132.84 2 1
banking/gin-service/handlers/transfer.go:132.84,135.3 2 1
banking/gin-service/handlers/transfer.go:137.2,137.34 1 1
banking/gin-service/handlers/transfer.go:140.43,141.14 1 1
banking/gin-service/handlers/transfer.go:142.14,143.19 1 1
banking/gin-service/handlers/transfer.go:144.14,145.19 1 1
banking/gin-service/handlers/transfer.go:146.14,147.22 1 1
banking/gin-service/handlers/transfer.go:148.10,149.19 1 1
banking/gin-service/handlers/transfer.go:155.100,156.31 1 1
banking/gin-service/handlers/transfer.go:157.14,158.31 1 1
banking/gin-service/handlers/transfer.go:159.14,160.31 1 1
banking/gin-service/handlers/transfer.go:163.2,170.16 2 1
banking/gin-service/handlers/transfer.go:170.16,175.3 4 1
banking/gin-service/handlers/transfer.go:177.2,178.105 2 1
