<?xml version="1.0" encoding="UTF-8"?>
<testsuite name="com.banking.service.TransactionServiceTest" tests="21" skipped="0" failures="0" errors="0" timestamp="2026-06-14T17:22:48.579Z" hostname="HEMANTHKUMAR" time="0.106">
  <properties/>
  <testcase name="test_debitAccount_shouldThrowWhenAccountNotFound()" classname="com.banking.service.TransactionServiceTest" time="0.061"/>
  <testcase name="test_saveTransaction_shouldCallRepositorySaveOnce()" classname="com.banking.service.TransactionServiceTest" time="0.003"/>
  <testcase name="test_debitAccount_shouldAllowDebitWhenAmountEqualsBalance()" classname="com.banking.service.TransactionServiceTest" time="0.002"/>
  <testcase name="test_debitAccount_shouldReturnDebitResultWhenValidRequest()" classname="com.banking.service.TransactionServiceTest" time="0.002"/>
  <testcase name="test_debitAccount_shouldThrowWhenBalanceIsInsufficient()" classname="com.banking.service.TransactionServiceTest" time="0.002"/>
  <testcase name="test_getAccountTransactions_shouldReturnEmptyListWhenNoTransactionsExist()" classname="com.banking.service.TransactionServiceTest" time="0.002"/>
  <testcase name="test_creditAccount_shouldPersistUpdatedBalanceWhenValidRequest()" classname="com.banking.service.TransactionServiceTest" time="0.003"/>
  <testcase name="test_getAllTransactions_shouldReturnEmptyListWhenNoTransactionsExist()" classname="com.banking.service.TransactionServiceTest" time="0.002"/>
  <testcase name="test_debitAccount_shouldPersistUpdatedBalanceWhenValidRequest()" classname="com.banking.service.TransactionServiceTest" time="0.001"/>
  <testcase name="test_getAccountTransactions_shouldReturnMixedTransactionsWhenBothSentAndReceived()" classname="com.banking.service.TransactionServiceTest" time="0.001"/>
  <testcase name="test_getAccountTransactions_shouldReturnAllSenderTransactionsRegardlessOfStatus()" classname="com.banking.service.TransactionServiceTest" time="0.001"/>
  <testcase name="test_debitAccount_shouldThrowWhenTpinIsIncorrect()" classname="com.banking.service.TransactionServiceTest" time="0.002"/>
  <testcase name="test_getTransaction_shouldReturnEmptyWhenTransactionNotFound()" classname="com.banking.service.TransactionServiceTest" time="0.002"/>
  <testcase name="test_saveTransaction_shouldPersistCorrectFieldsWhenCalled()" classname="com.banking.service.TransactionServiceTest" time="0.003"/>
  <testcase name="test_creditAccount_shouldThrowWhenAccountNotFound()" classname="com.banking.service.TransactionServiceTest" time="0.002"/>
  <testcase name="test_getTransaction_shouldReturnTransactionWhenValidIdProvided()" classname="com.banking.service.TransactionServiceTest" time="0.001"/>
  <testcase name="test_saveTransaction_shouldReturnSavedTransactionWhenValidDetailsProvided()" classname="com.banking.service.TransactionServiceTest" time="0.003"/>
  <testcase name="test_getAccountTransactions_shouldExcludeFailedIncomingTransactions()" classname="com.banking.service.TransactionServiceTest" time="0.001"/>
  <testcase name="test_creditAccount_shouldReturnCreditResultWhenValidRequest()" classname="com.banking.service.TransactionServiceTest" time="0.001"/>
  <testcase name="test_getAccountTransactions_shouldReturnSuccessTransactionsWhenAccountIsReceiver()" classname="com.banking.service.TransactionServiceTest" time="0.001"/>
  <testcase name="test_getAllTransactions_shouldReturnListWhenTransactionsExist()" classname="com.banking.service.TransactionServiceTest" time="0.001"/>
  <system-out><![CDATA[]]></system-out>
  <system-err><![CDATA[]]></system-err>
</testsuite>
