<?xml version="1.0" encoding="UTF-8"?>
<testsuite name="com.banking.controller.AccountControllerTest" tests="13" skipped="0" failures="0" errors="0" timestamp="2026-06-01T05:33:36.598Z" hostname="HEMANTHKUMAR" time="1.173">
  <properties/>
  <testcase name="test_getAllAccounts_shouldReturnEmptyListWhenNoAccountsExist()" classname="com.banking.controller.AccountControllerTest" time="0.379"/>
  <testcase name="test_getAccountTransactions_shouldReturnEmptyListWhenNoTransactionsExist()" classname="com.banking.controller.AccountControllerTest" time="0.025"/>
  <testcase name="test_createAccount_shouldReturn400WhenAccountBalanceNegativeisGiven()" classname="com.banking.controller.AccountControllerTest" time="0.197"/>
  <testcase name="test_createAccount_shouldReturnAccountWhenAllFieldsProvided()" classname="com.banking.controller.AccountControllerTest" time="0.031"/>
  <testcase name="test_createAccount_shouldReturn400WhenTpinNotProvided()" classname="com.banking.controller.AccountControllerTest" time="0.006"/>
  <testcase name="test_getAllAccounts_shouldReturnListWhenAccountsExist()" classname="com.banking.controller.AccountControllerTest" time="0.014"/>
  <testcase name="test_createAccount_shouldReturn400WhenNameNotProvided()" classname="com.banking.controller.AccountControllerTest" time="0.004"/>
  <testcase name="test_getAccountTransactions_shouldReturnEmptyListWhenAccountIdDoesNotExist()" classname="com.banking.controller.AccountControllerTest" time="0.004"/>
  <testcase name="test_getAccountTransactions_shouldReturnTransactionsWhenAccountHasTransactions()" classname="com.banking.controller.AccountControllerTest" time="0.006"/>
  <testcase name="test_createAccount_shouldReturn400WhenInitialBalanceNotProvided()" classname="com.banking.controller.AccountControllerTest" time="0.004"/>
  <testcase name="test_createAccount_shouldReturnAccountWhenInitialBalanceIsZero()" classname="com.banking.controller.AccountControllerTest" time="0.005"/>
  <testcase name="test_getAccount_shouldReturnAccountWhenValidIdProvided()" classname="com.banking.controller.AccountControllerTest" time="0.006"/>
  <testcase name="test_getAccount_shouldReturn404WhenAccountNotFound()" classname="com.banking.controller.AccountControllerTest" time="0.003"/>
  <system-out><![CDATA[2026-06-01T11:03:36.600+05:30  INFO 29324 --- [    Test worker] t.c.s.AnnotationConfigContextLoaderUtils : Could not detect default configuration classes for test class [com.banking.controller.AccountControllerTest]: AccountControllerTest does not declare any static, non-private, non-final, nested classes annotated with @Configuration.
2026-06-01T11:03:36.622+05:30  INFO 29324 --- [    Test worker] .b.t.c.SpringBootTestContextBootstrapper : Found @SpringBootConfiguration com.banking.CoreBankingApplication for test class com.banking.controller.AccountControllerTest

  .   ____          _            __ _ _
 /\\ / ___'_ __ _ _(_)_ __  __ _ \ \ \ \
( ( )\___ | '_ | '_| | '_ \/ _` | \ \ \ \
 \\/  ___)| |_)| | | | | || (_| |  ) ) ) )
  '  |____| .__|_| |_|_| |_\__, | / / / /
 =========|_|==============|___/=/_/_/_/

 :: Spring Boot ::                (v3.4.1)

2026-06-01T11:03:36.642+05:30  INFO 29324 --- [    Test worker] c.b.controller.AccountControllerTest     : Starting AccountControllerTest using Java 24.0.1 with PID 29324 (started by Hemanth Kumar in D:\InternProject - Likith\banking-simulator-main\spring-boot-service)
2026-06-01T11:03:36.642+05:30 DEBUG 29324 --- [    Test worker] c.b.controller.AccountControllerTest     : Running with Spring Boot v3.4.1, Spring v6.2.1
2026-06-01T11:03:36.642+05:30  INFO 29324 --- [    Test worker] c.b.controller.AccountControllerTest     : No active profile set, falling back to 1 default profile: "default"
2026-06-01T11:03:37.042+05:30  INFO 29324 --- [    Test worker] o.s.b.t.m.w.SpringBootMockServletContext : Initializing Spring TestDispatcherServlet ''
2026-06-01T11:03:37.042+05:30  INFO 29324 --- [    Test worker] o.s.t.web.servlet.TestDispatcherServlet  : Initializing Servlet ''
2026-06-01T11:03:37.044+05:30  INFO 29324 --- [    Test worker] o.s.t.web.servlet.TestDispatcherServlet  : Completed initialization in 0 ms
2026-06-01T11:03:37.063+05:30  INFO 29324 --- [    Test worker] c.b.controller.AccountControllerTest     : Started AccountControllerTest in 0.438 seconds (process running for 7.24)
2026-06-01T11:03:37.674+05:30  WARN 29324 --- [    Test worker] .w.s.m.s.DefaultHandlerExceptionResolver : Resolved [org.springframework.web.bind.MethodArgumentNotValidException: Validation failed for argument [0] in public org.springframework.http.ResponseEntity<com.banking.model.Account> com.banking.controller.AccountController.createAccount(com.banking.dto.CreateAccountRequest): [Field error in object 'createAccountRequest' on field 'initialBalance': rejected value [-100.00]; codes [DecimalMin.createAccountRequest.initialBalance,DecimalMin.initialBalance,DecimalMin.java.math.BigDecimal,DecimalMin]; arguments [org.springframework.context.support.DefaultMessageSourceResolvable: codes [createAccountRequest.initialBalance,initialBalance]; arguments []; default message [initialBalance],true,0.0]; default message [Balance must be non-negative]] ]
2026-06-01T11:03:37.714+05:30  WARN 29324 --- [    Test worker] .w.s.m.s.DefaultHandlerExceptionResolver : Resolved [org.springframework.web.bind.MethodArgumentNotValidException: Validation failed for argument [0] in public org.springframework.http.ResponseEntity<com.banking.model.Account> com.banking.controller.AccountController.createAccount(com.banking.dto.CreateAccountRequest): [Field error in object 'createAccountRequest' on field 'tpin': rejected value [null]; codes [NotBlank.createAccountRequest.tpin,NotBlank.tpin,NotBlank.java.lang.String,NotBlank]; arguments [org.springframework.context.support.DefaultMessageSourceResolvable: codes [createAccountRequest.tpin,tpin]; arguments []; default message [tpin]]; default message [TPIN is required]] ]
2026-06-01T11:03:37.736+05:30  WARN 29324 --- [    Test worker] .w.s.m.s.DefaultHandlerExceptionResolver : Resolved [org.springframework.web.bind.MethodArgumentNotValidException: Validation failed for argument [0] in public org.springframework.http.ResponseEntity<com.banking.model.Account> com.banking.controller.AccountController.createAccount(com.banking.dto.CreateAccountRequest): [Field error in object 'createAccountRequest' on field 'name': rejected value [null]; codes [NotBlank.createAccountRequest.name,NotBlank.name,NotBlank.java.lang.String,NotBlank]; arguments [org.springframework.context.support.DefaultMessageSourceResolvable: codes [createAccountRequest.name,name]; arguments []; default message [name]]; default message [Name is required]] ]
2026-06-01T11:03:37.754+05:30  WARN 29324 --- [    Test worker] .w.s.m.s.DefaultHandlerExceptionResolver : Resolved [org.springframework.web.bind.MethodArgumentNotValidException: Validation failed for argument [0] in public org.springframework.http.ResponseEntity<com.banking.model.Account> com.banking.controller.AccountController.createAccount(com.banking.dto.CreateAccountRequest): [Field error in object 'createAccountRequest' on field 'initialBalance': rejected value [null]; codes [NotNull.createAccountRequest.initialBalance,NotNull.initialBalance,NotNull.java.math.BigDecimal,NotNull]; arguments [org.springframework.context.support.DefaultMessageSourceResolvable: codes [createAccountRequest.initialBalance,initialBalance]; arguments []; default message [initialBalance]]; default message [Initial balance is required]] ]
]]></system-out>
  <system-err><![CDATA[]]></system-err>
</testsuite>
