<?xml version="1.0" encoding="UTF-8"?>
<testsuite name="com.banking.controller.AccountControllerTest" tests="23" skipped="0" failures="0" errors="0" timestamp="2026-06-14T17:22:46.737Z" hostname="HEMANTHKUMAR" time="1.167">
  <properties/>
  <testcase name="test_debitAccount_shouldReturn400WhenIncorrectTpin()" classname="com.banking.controller.AccountControllerTest" time="0.497"/>
  <testcase name="test_debitAccount_shouldReturn400WhenInsufficientFunds()" classname="com.banking.controller.AccountControllerTest" time="0.005"/>
  <testcase name="test_getAllAccounts_shouldReturnEmptyListWhenNoAccountsExist()" classname="com.banking.controller.AccountControllerTest" time="0.025"/>
  <testcase name="test_getAccountTransactions_shouldReturnEmptyListWhenNoTransactionsExist()" classname="com.banking.controller.AccountControllerTest" time="0.005"/>
  <testcase name="test_createAccount_shouldReturn400WhenAccountBalanceNegativeisGiven()" classname="com.banking.controller.AccountControllerTest" time="0.028"/>
  <testcase name="test_creditAccount_shouldReturn400WhenServiceThrows()" classname="com.banking.controller.AccountControllerTest" time="0.01"/>
  <testcase name="test_createAccount_shouldReturnAccountWhenAllFieldsProvided()" classname="com.banking.controller.AccountControllerTest" time="0.026"/>
  <testcase name="test_createAccount_shouldReturn400WhenTpinNotProvided()" classname="com.banking.controller.AccountControllerTest" time="0.004"/>
  <testcase name="test_creditAccount_shouldReturnResultWhenValidRequest()" classname="com.banking.controller.AccountControllerTest" time="0.02"/>
  <testcase name="test_getAllAccounts_shouldReturnListWhenAccountsExist()" classname="com.banking.controller.AccountControllerTest" time="0.01"/>
  <testcase name="test_createAccount_shouldReturn400WhenNameNotProvided()" classname="com.banking.controller.AccountControllerTest" time="0.005"/>
  <testcase name="test_getAccountTransactions_shouldReturnEmptyListWhenAccountIdDoesNotExist()" classname="com.banking.controller.AccountControllerTest" time="0.005"/>
  <testcase name="test_debitAccount_shouldReturn400WhenAmountNotProvided()" classname="com.banking.controller.AccountControllerTest" time="0.005"/>
  <testcase name="test_getAccountTransactions_shouldReturnTransactionsWhenAccountHasTransactions()" classname="com.banking.controller.AccountControllerTest" time="0.006"/>
  <testcase name="test_debitAccount_shouldReturn400WhenTpinNotProvided()" classname="com.banking.controller.AccountControllerTest" time="0.004"/>
  <testcase name="test_createAccount_shouldReturn400WhenInitialBalanceNotProvided()" classname="com.banking.controller.AccountControllerTest" time="0.004"/>
  <testcase name="test_creditAccount_shouldReturn400WhenAmountNotProvided()" classname="com.banking.controller.AccountControllerTest" time="0.005"/>
  <testcase name="test_debitAccount_shouldReturnResultWhenValidRequest()" classname="com.banking.controller.AccountControllerTest" time="0.018"/>
  <testcase name="test_debitAccount_shouldReturn400WhenAmountIsNegative()" classname="com.banking.controller.AccountControllerTest" time="0.005"/>
  <testcase name="test_createAccount_shouldReturnAccountWhenInitialBalanceIsZero()" classname="com.banking.controller.AccountControllerTest" time="0.004"/>
  <testcase name="test_getAccount_shouldReturnAccountWhenValidIdProvided()" classname="com.banking.controller.AccountControllerTest" time="0.007"/>
  <testcase name="test_getAccount_shouldReturn404WhenAccountNotFound()" classname="com.banking.controller.AccountControllerTest" time="0.004"/>
  <testcase name="test_creditAccount_shouldReturn400WhenAmountIsNegative()" classname="com.banking.controller.AccountControllerTest" time="0.005"/>
  <system-out><![CDATA[2026-06-14T22:52:46.739+05:30  INFO 12568 --- [    Test worker] t.c.s.AnnotationConfigContextLoaderUtils : Could not detect default configuration classes for test class [com.banking.controller.AccountControllerTest]: AccountControllerTest does not declare any static, non-private, non-final, nested classes annotated with @Configuration.
2026-06-14T22:52:46.762+05:30  INFO 12568 --- [    Test worker] .b.t.c.SpringBootTestContextBootstrapper : Found @SpringBootConfiguration com.banking.CoreBankingApplication for test class com.banking.controller.AccountControllerTest

  .   ____          _            __ _ _
 /\\ / ___'_ __ _ _(_)_ __  __ _ \ \ \ \
( ( )\___ | '_ | '_| | '_ \/ _` | \ \ \ \
 \\/  ___)| |_)| | | | | || (_| |  ) ) ) )
  '  |____| .__|_| |_|_| |_\__, | / / / /
 =========|_|==============|___/=/_/_/_/

 :: Spring Boot ::                (v3.4.1)

2026-06-14T22:52:46.781+05:30  INFO 12568 --- [    Test worker] c.b.controller.AccountControllerTest     : Starting AccountControllerTest using Java 24.0.1 with PID 12568 (started by Hemanth Kumar in D:\InternProject - Likith\banking-simulator-main\spring-boot-service)
2026-06-14T22:52:46.781+05:30 DEBUG 12568 --- [    Test worker] c.b.controller.AccountControllerTest     : Running with Spring Boot v3.4.1, Spring v6.2.1
2026-06-14T22:52:46.781+05:30  INFO 12568 --- [    Test worker] c.b.controller.AccountControllerTest     : No active profile set, falling back to 1 default profile: "default"
2026-06-14T22:52:47.146+05:30  INFO 12568 --- [    Test worker] o.s.b.t.m.w.SpringBootMockServletContext : Initializing Spring TestDispatcherServlet ''
2026-06-14T22:52:47.146+05:30  INFO 12568 --- [    Test worker] o.s.t.web.servlet.TestDispatcherServlet  : Initializing Servlet ''
2026-06-14T22:52:47.148+05:30  INFO 12568 --- [    Test worker] o.s.t.web.servlet.TestDispatcherServlet  : Completed initialization in 1 ms
2026-06-14T22:52:47.168+05:30  INFO 12568 --- [    Test worker] c.b.controller.AccountControllerTest     : Started AccountControllerTest in 0.402 seconds (process running for 6.603)
2026-06-14T22:52:47.738+05:30  WARN 12568 --- [    Test worker] .w.s.m.s.DefaultHandlerExceptionResolver : Resolved [org.springframework.web.bind.MethodArgumentNotValidException: Validation failed for argument [0] in public org.springframework.http.ResponseEntity<com.banking.model.Account> com.banking.controller.AccountController.createAccount(com.banking.dto.CreateAccountRequest): [Field error in object 'createAccountRequest' on field 'initialBalance': rejected value [-100.00]; codes [DecimalMin.createAccountRequest.initialBalance,DecimalMin.initialBalance,DecimalMin.java.math.BigDecimal,DecimalMin]; arguments [org.springframework.context.support.DefaultMessageSourceResolvable: codes [createAccountRequest.initialBalance,initialBalance]; arguments []; default message [initialBalance],true,0.0]; default message [Balance must be non-negative]] ]
2026-06-14T22:52:47.780+05:30  WARN 12568 --- [    Test worker] .w.s.m.s.DefaultHandlerExceptionResolver : Resolved [org.springframework.web.bind.MethodArgumentNotValidException: Validation failed for argument [0] in public org.springframework.http.ResponseEntity<com.banking.model.Account> com.banking.controller.AccountController.createAccount(com.banking.dto.CreateAccountRequest): [Field error in object 'createAccountRequest' on field 'tpin': rejected value [null]; codes [NotBlank.createAccountRequest.tpin,NotBlank.tpin,NotBlank.java.lang.String,NotBlank]; arguments [org.springframework.context.support.DefaultMessageSourceResolvable: codes [createAccountRequest.tpin,tpin]; arguments []; default message [tpin]]; default message [TPIN is required]] ]
2026-06-14T22:52:47.818+05:30  WARN 12568 --- [    Test worker] .w.s.m.s.DefaultHandlerExceptionResolver : Resolved [org.springframework.web.bind.MethodArgumentNotValidException: Validation failed for argument [0] in public org.springframework.http.ResponseEntity<com.banking.model.Account> com.banking.controller.AccountController.createAccount(com.banking.dto.CreateAccountRequest): [Field error in object 'createAccountRequest' on field 'name': rejected value [null]; codes [NotBlank.createAccountRequest.name,NotBlank.name,NotBlank.java.lang.String,NotBlank]; arguments [org.springframework.context.support.DefaultMessageSourceResolvable: codes [createAccountRequest.name,name]; arguments []; default message [name]]; default message [Name is required]] ]
2026-06-14T22:52:47.830+05:30  WARN 12568 --- [    Test worker] .w.s.m.s.DefaultHandlerExceptionResolver : Resolved [org.springframework.web.bind.MethodArgumentNotValidException: Validation failed for argument [1] in public org.springframework.http.ResponseEntity<?> com.banking.controller.AccountController.debitAccount(java.util.UUID,com.banking.dto.DebitRequest): [Field error in object 'debitRequest' on field 'amount': rejected value [null]; codes [NotNull.debitRequest.amount,NotNull.amount,NotNull.java.math.BigDecimal,NotNull]; arguments [org.springframework.context.support.DefaultMessageSourceResolvable: codes [debitRequest.amount,amount]; arguments []; default message [amount]]; default message [Amount is required]] ]
2026-06-14T22:52:47.843+05:30  WARN 12568 --- [    Test worker] .w.s.m.s.DefaultHandlerExceptionResolver : Resolved [org.springframework.web.bind.MethodArgumentNotValidException: Validation failed for argument [1] in public org.springframework.http.ResponseEntity<?> com.banking.controller.AccountController.debitAccount(java.util.UUID,com.banking.dto.DebitRequest): [Field error in object 'debitRequest' on field 'tpin': rejected value [null]; codes [NotBlank.debitRequest.tpin,NotBlank.tpin,NotBlank.java.lang.String,NotBlank]; arguments [org.springframework.context.support.DefaultMessageSourceResolvable: codes [debitRequest.tpin,tpin]; arguments []; default message [tpin]]; default message [TPIN is required]] ]
2026-06-14T22:52:47.847+05:30  WARN 12568 --- [    Test worker] .w.s.m.s.DefaultHandlerExceptionResolver : Resolved [org.springframework.web.bind.MethodArgumentNotValidException: Validation failed for argument [0] in public org.springframework.http.ResponseEntity<com.banking.model.Account> com.banking.controller.AccountController.createAccount(com.banking.dto.CreateAccountRequest): [Field error in object 'createAccountRequest' on field 'initialBalance': rejected value [null]; codes [NotNull.createAccountRequest.initialBalance,NotNull.initialBalance,NotNull.java.math.BigDecimal,NotNull]; arguments [org.springframework.context.support.DefaultMessageSourceResolvable: codes [createAccountRequest.initialBalance,initialBalance]; arguments []; default message [initialBalance]]; default message [Initial balance is required]] ]
2026-06-14T22:52:47.853+05:30  WARN 12568 --- [    Test worker] .w.s.m.s.DefaultHandlerExceptionResolver : Resolved [org.springframework.web.bind.MethodArgumentNotValidException: Validation failed for argument [1] in public org.springframework.http.ResponseEntity<?> com.banking.controller.AccountController.creditAccount(java.util.UUID,com.banking.dto.CreditRequest): [Field error in object 'creditRequest' on field 'amount': rejected value [null]; codes [NotNull.creditRequest.amount,NotNull.amount,NotNull.java.math.BigDecimal,NotNull]; arguments [org.springframework.context.support.DefaultMessageSourceResolvable: codes [creditRequest.amount,amount]; arguments []; default message [amount]]; default message [Amount is required]] ]
2026-06-14T22:52:47.877+05:30  WARN 12568 --- [    Test worker] .w.s.m.s.DefaultHandlerExceptionResolver : Resolved [org.springframework.web.bind.MethodArgumentNotValidException: Validation failed for argument [1] in public org.springframework.http.ResponseEntity<?> com.banking.controller.AccountController.debitAccount(java.util.UUID,com.banking.dto.DebitRequest): [Field error in object 'debitRequest' on field 'amount': rejected value [-50.00]; codes [DecimalMin.debitRequest.amount,DecimalMin.amount,DecimalMin.java.math.BigDecimal,DecimalMin]; arguments [org.springframework.context.support.DefaultMessageSourceResolvable: codes [debitRequest.amount,amount]; arguments []; default message [amount],true,0.01]; default message [Amount must be at least 0.01]] ]
2026-06-14T22:52:47.903+05:30  WARN 12568 --- [    Test worker] .w.s.m.s.DefaultHandlerExceptionResolver : Resolved [org.springframework.web.bind.MethodArgumentNotValidException: Validation failed for argument [1] in public org.springframework.http.ResponseEntity<?> com.banking.controller.AccountController.creditAccount(java.util.UUID,com.banking.dto.CreditRequest): [Field error in object 'creditRequest' on field 'amount': rejected value [-200.00]; codes [DecimalMin.creditRequest.amount,DecimalMin.amount,DecimalMin.java.math.BigDecimal,DecimalMin]; arguments [org.springframework.context.support.DefaultMessageSourceResolvable: codes [creditRequest.amount,amount]; arguments []; default message [amount],true,0.01]; default message [Amount must be at least 0.01]] ]
]]></system-out>
  <system-err><![CDATA[]]></system-err>
</testsuite>
