<?xml version="1.0" encoding="UTF-8"?>
<testsuite name="com.banking.service.AccountServiceTest" tests="11" skipped="0" failures="0" errors="0" timestamp="2026-05-26T09:42:47.004Z" hostname="HEMANTHKUMAR" time="0.398">
  <properties/>
  <testcase name="test_getAccount_shouldCallRepositoryFindByIdOnce()" classname="com.banking.service.AccountServiceTest" time="0.207"/>
  <testcase name="test_getAllAccounts_shouldReturnEmptyListWhenNoAccountsExist()" classname="com.banking.service.AccountServiceTest" time="0.133"/>
  <testcase name="test_getAccount_shouldReturnEmptyWhenAccountNotFound()" classname="com.banking.service.AccountServiceTest" time="0.005"/>
  <testcase name="test_getAllAccounts_shouldReturnListWhenAccountsExist()" classname="com.banking.service.AccountServiceTest" time="0.01"/>
  <testcase name="test_getAllAccounts_shouldReturnMultipleAccountsWhenMultipleAccountsExist()" classname="com.banking.service.AccountServiceTest" time="0.01"/>
  <testcase name="test_createAccount_shouldReturnSavedAccountWhenDefaultTpinProvided()" classname="com.banking.service.AccountServiceTest" time="0.006"/>
  <testcase name="test_createAccount_shouldCallRepositorySaveOnce()" classname="com.banking.service.AccountServiceTest" time="0.005"/>
  <testcase name="test_createAccount_shouldReturnSavedAccountWhenZeroBalanceProvided()" classname="com.banking.service.AccountServiceTest" time="0.008"/>
  <testcase name="test_getAllAccounts_shouldCallRepositoryFindAllOnce()" classname="com.banking.service.AccountServiceTest" time="0.002"/>
  <testcase name="test_createAccount_shouldReturnSavedAccountWhenValidDetailsProvided()" classname="com.banking.service.AccountServiceTest" time="0.004"/>
  <testcase name="test_getAccount_shouldReturnAccountWhenValidIdProvided()" classname="com.banking.service.AccountServiceTest" time="0.004"/>
  <system-out><![CDATA[]]></system-out>
  <system-err><![CDATA[]]></system-err>
</testsuite>
